<?xml version="1.0" encoding="UTF-8"?>
<!-- Generated by org.testng.reporters.JUnitXMLReporter -->
<testsuite ignored="0" hostname="ATTPA-1450" failures="0" tests="1" name="MyCoach.POC.WebTests" time="8.163" errors="0" timestamp="2020-05-13T14:17:21 EDT">
  <testcase classname="WebTests.BaseTest" name="@BeforeTest TestSetup" time="8.139">
    <failure type="java.lang.NullPointerException">
      <![CDATA[java.lang.NullPointerException
at WebTests.BaseTest.TestSetup(BaseTest.java:30)
at java.base/jdk.internal.reflect.NativeMethodAccessorImpl.invoke0(Native Method)
at java.base/jdk.internal.reflect.NativeMethodAccessorImpl.invoke(NativeMethodAccessorImpl.java:62)
at java.base/jdk.internal.reflect.DelegatingMethodAccessorImpl.invoke(DelegatingMethodAccessorImpl.java:43)
at java.base/java.lang.reflect.Method.invoke(Method.java:567)
at org.testng.internal.MethodInvocationHelper.invokeMethod(MethodInvocationHelper.java:134)
at org.testng.internal.MethodInvocationHelper.invokeMethodConsideringTimeout(MethodInvocationHelper.java:63)
at org.testng.internal.ConfigInvoker.invokeConfigurationMethod(ConfigInvoker.java:348)
at org.testng.internal.ConfigInvoker.invokeConfigurations(ConfigInvoker.java:302)
at org.testng.TestRunner.invokeTestConfigurations(TestRunner.java:619)
at org.testng.TestRunner.beforeRun(TestRunner.java:609)
at org.testng.TestRunner.run(TestRunner.java:580)
at org.testng.SuiteRunner.runTest(SuiteRunner.java:384)
at org.testng.SuiteRunner.runSequentially(SuiteRunner.java:378)
at org.testng.SuiteRunner.privateRun(SuiteRunner.java:337)
at org.testng.SuiteRunner.run(SuiteRunner.java:286)
at org.testng.SuiteRunnerWorker.runSuite(SuiteRunnerWorker.java:53)
at org.testng.SuiteRunnerWorker.run(SuiteRunnerWorker.java:96)
at org.testng.TestNG.runSuitesSequentially(TestNG.java:1187)
at org.testng.TestNG.runSuitesLocally(TestNG.java:1109)
at org.testng.TestNG.runSuites(TestNG.java:1039)
at org.testng.TestNG.run(TestNG.java:1007)
at org.apache.maven.surefire.testng.TestNGExecutor.run(TestNGExecutor.java:283)
at org.apache.maven.surefire.testng.TestNGXmlTestSuite.execute(TestNGXmlTestSuite.java:75)
at org.apache.maven.surefire.testng.TestNGProvider.invoke(TestNGProvider.java:120)
at org.apache.maven.surefire.booter.ForkedBooter.invokeProviderInSameClassLoader(ForkedBooter.java:384)
at org.apache.maven.surefire.booter.ForkedBooter.runSuitesInProcess(ForkedBooter.java:345)
at org.apache.maven.surefire.booter.ForkedBooter.execute(ForkedBooter.java:126)
at org.apache.maven.surefire.booter.ForkedBooter.main(ForkedBooter.java:418)
]]>
    </failure>
  </testcase> <!-- @BeforeTest TestSetup -->
  <testcase classname="WebTests.BaseTest" name="@BeforeClass Setup" time="-1.589393841028E9">
    <skipped/>
  </testcase> <!-- @BeforeClass Setup -->
  <testcase classname="WebTests.BaseTest" name="@AfterMethod ReportResults" time="-1.589393841038E9">
    <skipped/>
  </testcase> <!-- @AfterMethod ReportResults -->
  <testcase classname="WebTests.BaseTest" name="@AfterClass TearDown" time="-1.589393841039E9">
    <skipped/>
  </testcase> <!-- @AfterClass TearDown -->
  <testcase classname="WebTests.BaseTest" name="@AfterTest TestTearDown" time="-1.58939384104E9">
    <skipped/>
  </testcase> <!-- @AfterTest TestTearDown -->
  <testcase classname="WebTests.SampleTest" name="SampleTestCase" time="0.0">
    <skipped/>
  </testcase> <!-- SampleTestCase -->
</testsuite> <!-- MyCoach.POC.WebTests -->
