<?xml version="1.0" encoding="UTF-8"?>
<testsuite xmlns:xsi="http://www.w3.org/2001/XMLSchema-instance" xsi:noNamespaceSchemaLocation="https://maven.apache.org/surefire/maven-surefire-plugin/xsd/surefire-test-report.xsd" name="TestSuite" time="9.571" tests="6" errors="0" skipped="5" failures="1">
  <properties>
[...]
</properties>
  <testcase name="TestSetup" classname="WebTests.SampleTest" time="9.285">
    <failure type="java.lang.NullPointerException">java.lang.NullPointerException
</failure>
    <system-out><![CDATA[Test Setup
]]></system-out>
    <system-err><![CDATA[SLF4J: Failed to load class "org.slf4j.impl.StaticLoggerBinder".
SLF4J: Defaulting to no-operation (NOP) logger implementation
SLF4J: See http://www.slf4j.org/codes.html#StaticLoggerBinder for further details.
Starting ChromeDriver 81.0.4044.138 (8c6c7ba89cc9453625af54f11fd83179e23450fa-refs/branch-heads/4044@{#999}) on port 47077
Only local connections are allowed.
Please protect ports used by ChromeDriver and related test frameworks to prevent access by malicious code.
May 13, 2020 2:17:17 PM org.openqa.selenium.remote.ProtocolHandshake createSession
INFO: Detected dialect: W3C
[1589393840.373][SEVERE]: Timed out receiving message from renderer: 0.100
[1589393840.674][SEVERE]: Timed out receiving message from renderer: 0.100
[1589393840.810][SEVERE]: Timed out receiving message from renderer: 0.100
[1589393840.911][SEVERE]: Timed out receiving message from renderer: 0.100
]]></system-err>
  </testcase>
  <testcase name="Setup" classname="WebTests.SampleTest" time="0">
    <skipped/>
  </testcase>
  <testcase name="SampleTestCase" classname="WebTests.SampleTest" time="0">
    <skipped/>
    <system-out><![CDATA[Test Started
Test Skipped
]]></system-out>
  </testcase>
  <testcase name="ReportResults" classname="WebTests.SampleTest" time="0">
    <skipped/>
  </testcase>
  <testcase name="TearDown" classname="WebTests.SampleTest" time="0">
    <skipped/>
  </testcase>
  <testcase name="TestTearDown" classname="WebTests.SampleTest" time="0">
    <skipped/>
  </testcase>
</testsuite>